This is pdfTeX, Version 3.141592653-2.6-1.40.26 (TeX Live 2024) (preloaded format=pdflatex 2024.8.10)  13 OCT 2024 20:24
entering extended mode
 restricted \write18 enabled.
 %&-line parsing enabled.
**general.tex
(./general.tex
LaTeX2e <2023-11-01> patch level 1
L3 programming layer <2024-02-20>
(/usr/local/texlive/2024/texmf-dist/tex/latex/base/article.cls
Document Class: article 2023/05/17 v1.4n Standard LaTeX document class
(/usr/local/texlive/2024/texmf-dist/tex/latex/base/size10.clo
File: size10.clo 2023/05/17 v1.4n Standard LaTeX file (size option)
)
\c@part=\count188
\c@section=\count189
\c@subsection=\count190
\c@subsubsection=\count191
\c@paragraph=\count192
\c@subparagraph=\count193
\c@figure=\count194
\c@table=\count195
\abovecaptionskip=\skip48
\belowcaptionskip=\skip49
\bibindent=\dimen140
) (/usr/local/texlive/2024/texmf-dist/tex/latex/amsmath/amsmath.sty
Package: amsmath 2023/05/13 v2.17o AMS math features
\@mathmargin=\skip50
For additional information on amsmath, use the `?' option.
(/usr/local/texlive/2024/texmf-dist/tex/latex/amsmath/amstext.sty
Package: amstext 2021/08/26 v2.01 AMS text
(/usr/local/texlive/2024/texmf-dist/tex/latex/amsmath/amsgen.sty
File: amsgen.sty 1999/11/30 v2.0 generic functions
\@emptytoks=\toks17
\ex@=\dimen141
)) (/usr/local/texlive/2024/texmf-dist/tex/latex/amsmath/amsbsy.sty
Package: amsbsy 1999/11/29 v1.2d Bold Symbols
\pmbraise@=\dimen142
) (/usr/local/texlive/2024/texmf-dist/tex/latex/amsmath/amsopn.sty
Package: amsopn 2022/04/08 v2.04 operator names
)
\inf@bad=\count196
LaTeX Info: Redefining \frac on input line 234.
\uproot@=\count197
\leftroot@=\count198
LaTeX Info: Redefining \overline on input line 399.
LaTeX Info: Redefining \colon on input line 410.
\classnum@=\count199
\DOTSCASE@=\count266
LaTeX Info: Redefining \ldots on input line 496.
LaTeX Info: Redefining \dots on input line 499.
LaTeX Info: Redefining \cdots on input line 620.
\Mathstrutbox@=\box51
\strutbox@=\box52
LaTeX Info: Redefining \big on input line 722.
LaTeX Info: Redefining \Big on input line 723.
LaTeX Info: Redefining \bigg on input line 724.
LaTeX Info: Redefining \Bigg on input line 725.
\big@size=\dimen143
LaTeX Font Info:    Redeclaring font encoding OML on input line 743.
LaTeX Font Info:    Redeclaring font encoding OMS on input line 744.
\macc@depth=\count267
LaTeX Info: Redefining \bmod on input line 905.
LaTeX Info: Redefining \pmod on input line 910.
LaTeX Info: Redefining \smash on input line 940.
LaTeX Info: Redefining \relbar on input line 970.
LaTeX Info: Redefining \Relbar on input line 971.
\c@MaxMatrixCols=\count268
\dotsspace@=\muskip16
\c@parentequation=\count269
\dspbrk@lvl=\count270
\tag@help=\toks18
\row@=\count271
\column@=\count272
\maxfields@=\count273
\andhelp@=\toks19
\eqnshift@=\dimen144
\alignsep@=\dimen145
\tagshift@=\dimen146
\tagwidth@=\dimen147
\totwidth@=\dimen148
\lineht@=\dimen149
\@envbody=\toks20
\multlinegap=\skip51
\multlinetaggap=\skip52
\mathdisplay@stack=\toks21
LaTeX Info: Redefining \[ on input line 2953.
LaTeX Info: Redefining \] on input line 2954.
) (/usr/local/texlive/2024/texmf-dist/tex/latex/amsfonts/amssymb.sty
Package: amssymb 2013/01/14 v3.01 AMS font symbols
(/usr/local/texlive/2024/texmf-dist/tex/latex/amsfonts/amsfonts.sty
Package: amsfonts 2013/01/14 v3.01 Basic AMSFonts support
\symAMSa=\mathgroup4
\symAMSb=\mathgroup5
LaTeX Font Info:    Redeclaring math symbol \hbar on input line 98.
LaTeX Font Info:    Overwriting math alphabet `\mathfrak' in version `bold'
(Font)                  U/euf/m/n --> U/euf/b/n on input line 106.
)) (/usr/local/texlive/2024/texmf-dist/tex/generic/iftex/iftex.sty
Package: iftex 2022/02/03 v1.0f TeX engine tests
) (/usr/local/texlive/2024/texmf-dist/tex/latex/base/fontenc.sty
Package: fontenc 2021/04/29 v2.0v Standard LaTeX package
) (/usr/local/texlive/2024/texmf-dist/tex/latex/base/inputenc.sty
Package: inputenc 2021/02/14 v1.3d Input encoding file
\inpenc@prehook=\toks22
\inpenc@posthook=\toks23
) (/usr/local/texlive/2024/texmf-dist/tex/latex/base/textcomp.sty
Package: textcomp 2020/02/02 v2.0n Standard LaTeX package
) (/usr/local/texlive/2024/texmf-dist/tex/latex/lm/lmodern.sty
Package: lmodern 2015/05/01 v1.6.1 Latin Modern Fonts
LaTeX Font Info:    Overwriting symbol font `operators' in version `normal'
(Font)                  OT1/cmr/m/n --> OT1/lmr/m/n on input line 22.
LaTeX Font Info:    Overwriting symbol font `letters' in version `normal'
(Font)                  OML/cmm/m/it --> OML/lmm/m/it on input line 23.
LaTeX Font Info:    Overwriting symbol font `symbols' in version `normal'
(Font)                  OMS/cmsy/m/n --> OMS/lmsy/m/n on input line 24.
LaTeX Font Info:    Overwriting symbol font `largesymbols' in version `normal'
(Font)                  OMX/cmex/m/n --> OMX/lmex/m/n on input line 25.
LaTeX Font Info:    Overwriting symbol font `operators' in version `bold'
(Font)                  OT1/cmr/bx/n --> OT1/lmr/bx/n on input line 26.
LaTeX Font Info:    Overwriting symbol font `letters' in version `bold'
(Font)                  OML/cmm/b/it --> OML/lmm/b/it on input line 27.
LaTeX Font Info:    Overwriting symbol font `symbols' in version `bold'
(Font)                  OMS/cmsy/b/n --> OMS/lmsy/b/n on input line 28.
LaTeX Font Info:    Overwriting symbol font `largesymbols' in version `bold'
(Font)                  OMX/cmex/m/n --> OMX/lmex/m/n on input line 29.
LaTeX Font Info:    Overwriting math alphabet `\mathbf' in version `normal'
(Font)                  OT1/cmr/bx/n --> OT1/lmr/bx/n on input line 31.
LaTeX Font Info:    Overwriting math alphabet `\mathsf' in version `normal'
(Font)                  OT1/cmss/m/n --> OT1/lmss/m/n on input line 32.
LaTeX Font Info:    Overwriting math alphabet `\mathit' in version `normal'
(Font)                  OT1/cmr/m/it --> OT1/lmr/m/it on input line 33.
LaTeX Font Info:    Overwriting math alphabet `\mathtt' in version `normal'
(Font)                  OT1/cmtt/m/n --> OT1/lmtt/m/n on input line 34.
LaTeX Font Info:    Overwriting math alphabet `\mathbf' in version `bold'
(Font)                  OT1/cmr/bx/n --> OT1/lmr/bx/n on input line 35.
LaTeX Font Info:    Overwriting math alphabet `\mathsf' in version `bold'
(Font)                  OT1/cmss/bx/n --> OT1/lmss/bx/n on input line 36.
LaTeX Font Info:    Overwriting math alphabet `\mathit' in version `bold'
(Font)                  OT1/cmr/bx/it --> OT1/lmr/bx/it on input line 37.
LaTeX Font Info:    Overwriting math alphabet `\mathtt' in version `bold'
(Font)                  OT1/cmtt/m/n --> OT1/lmtt/m/n on input line 38.
) (/usr/local/texlive/2024/texmf-dist/tex/latex/upquote/upquote.sty
Package: upquote 2012/04/19 v1.3 upright-quote and grave-accent glyphs in verba
tim
) (/usr/local/texlive/2024/texmf-dist/tex/latex/microtype/microtype.sty
Package: microtype 2023/03/13 v3.1a Micro-typographical refinements (RS)
(/usr/local/texlive/2024/texmf-dist/tex/latex/graphics/keyval.sty
Package: keyval 2022/05/29 v1.15 key=value parser (DPC)
\KV@toks@=\toks24
) (/usr/local/texlive/2024/texmf-dist/tex/latex/etoolbox/etoolbox.sty
Package: etoolbox 2020/10/05 v2.5k e-TeX tools for LaTeX (JAW)
\etb@tempcnta=\count274
)
\MT@toks=\toks25
\MT@tempbox=\box53
\MT@count=\count275
LaTeX Info: Redefining \noprotrusionifhmode on input line 1059.
LaTeX Info: Redefining \leftprotrusion on input line 1060.
\MT@prot@toks=\toks26
LaTeX Info: Redefining \rightprotrusion on input line 1078.
LaTeX Info: Redefining \textls on input line 1368.
\MT@outer@kern=\dimen150
LaTeX Info: Redefining \textmicrotypecontext on input line 1988.
\MT@listname@count=\count276
(/usr/local/texlive/2024/texmf-dist/tex/latex/microtype/microtype-pdftex.def
File: microtype-pdftex.def 2023/03/13 v3.1a Definitions specific to pdftex (RS)

LaTeX Info: Redefining \lsstyle on input line 902.
LaTeX Info: Redefining \lslig on input line 902.
\MT@outer@space=\skip53
)
Package microtype Info: Loading configuration file microtype.cfg.
(/usr/local/texlive/2024/texmf-dist/tex/latex/microtype/microtype.cfg
File: microtype.cfg 2023/03/13 v3.1a microtype main configuration file (RS)
)) (/usr/local/texlive/2024/texmf-dist/tex/latex/parskip/parskip.sty
Package: parskip 2021-03-14 v2.0h non-zero parskip adjustments
(/usr/local/texlive/2024/texmf-dist/tex/latex/kvoptions/kvoptions.sty
Package: kvoptions 2022-06-15 v3.15 Key value format for package options (HO)
(/usr/local/texlive/2024/texmf-dist/tex/generic/ltxcmds/ltxcmds.sty
Package: ltxcmds 2023-12-04 v1.26 LaTeX kernel commands for general use (HO)
) (/usr/local/texlive/2024/texmf-dist/tex/latex/kvsetkeys/kvsetkeys.sty
Package: kvsetkeys 2022-10-05 v1.19 Key value parser (HO)
))) (/usr/local/texlive/2024/texmf-dist/tex/latex/xcolor/xcolor.sty
Package: xcolor 2023/11/15 v3.01 LaTeX color extensions (UK)
(/usr/local/texlive/2024/texmf-dist/tex/latex/graphics-cfg/color.cfg
File: color.cfg 2016/01/02 v1.6 sample color configuration
)
Package xcolor Info: Driver file: pdftex.def on input line 274.
(/usr/local/texlive/2024/texmf-dist/tex/latex/graphics-def/pdftex.def
File: pdftex.def 2022/09/22 v1.2b Graphics/color driver for pdftex
) (/usr/local/texlive/2024/texmf-dist/tex/latex/graphics/mathcolor.ltx)
Package xcolor Info: Model `cmy' substituted by `cmy0' on input line 1350.
Package xcolor Info: Model `hsb' substituted by `rgb' on input line 1354.
Package xcolor Info: Model `RGB' extended on input line 1366.
Package xcolor Info: Model `HTML' substituted by `rgb' on input line 1368.
Package xcolor Info: Model `Hsb' substituted by `hsb' on input line 1369.
Package xcolor Info: Model `tHsb' substituted by `hsb' on input line 1370.
Package xcolor Info: Model `HSB' substituted by `hsb' on input line 1371.
Package xcolor Info: Model `Gray' substituted by `gray' on input line 1372.
Package xcolor Info: Model `wave' substituted by `hsb' on input line 1373.
) (/usr/local/texlive/2024/texmf-dist/tex/latex/geometry/geometry.sty
Package: geometry 2020/01/02 v5.9 Page Geometry
(/usr/local/texlive/2024/texmf-dist/tex/generic/iftex/ifvtex.sty
Package: ifvtex 2019/10/25 v1.7 ifvtex legacy package. Use iftex instead.
)
\Gm@cnth=\count277
\Gm@cntv=\count278
\c@Gm@tempcnt=\count279
\Gm@bindingoffset=\dimen151
\Gm@wd@mp=\dimen152
\Gm@odd@mp=\dimen153
\Gm@even@mp=\dimen154
\Gm@layoutwidth=\dimen155
\Gm@layoutheight=\dimen156
\Gm@layouthoffset=\dimen157
\Gm@layoutvoffset=\dimen158
\Gm@dimlist=\toks27
) (/usr/local/texlive/2024/texmf-dist/tex/latex/fancyvrb/fancyvrb.sty
Package: fancyvrb 2024/01/20 4.5c verbatim text (tvz,hv)
\FV@CodeLineNo=\count280
\FV@InFile=\read2
\FV@TabBox=\box54
\c@FancyVerbLine=\count281
\FV@StepNumber=\count282
\FV@OutFile=\write3
) (/usr/local/texlive/2024/texmf-dist/tex/latex/framed/framed.sty
Package: framed 2011/10/22 v 0.96: framed or shaded text with page breaks
\OuterFrameSep=\skip54
\fb@frw=\dimen159
\fb@frh=\dimen160
\FrameRule=\dimen161
\FrameSep=\dimen162
) (/usr/local/texlive/2024/texmf-dist/tex/latex/graphics/graphicx.sty
Package: graphicx 2021/09/16 v1.2d Enhanced LaTeX Graphics (DPC,SPQR)
(/usr/local/texlive/2024/texmf-dist/tex/latex/graphics/graphics.sty
Package: graphics 2022/03/10 v1.4e Standard LaTeX Graphics (DPC,SPQR)
(/usr/local/texlive/2024/texmf-dist/tex/latex/graphics/trig.sty
Package: trig 2021/08/11 v1.11 sin cos tan (DPC)
) (/usr/local/texlive/2024/texmf-dist/tex/latex/graphics-cfg/graphics.cfg
File: graphics.cfg 2016/06/04 v1.11 sample graphics configuration
)
Package graphics Info: Driver file: pdftex.def on input line 107.
)
\Gin@req@height=\dimen163
\Gin@req@width=\dimen164
)
\pandoc@box=\box55
(/usr/local/texlive/2024/texmf-dist/tex/latex/bookmark/bookmark.sty
Package: bookmark 2023-12-10 v1.31 PDF bookmarks (HO)
(/usr/local/texlive/2024/texmf-dist/tex/latex/hyperref/hyperref.sty
Package: hyperref 2024-01-20 v7.01h Hypertext links for LaTeX
(/usr/local/texlive/2024/texmf-dist/tex/generic/kvdefinekeys/kvdefinekeys.sty
Package: kvdefinekeys 2019-12-19 v1.6 Define keys (HO)
) (/usr/local/texlive/2024/texmf-dist/tex/generic/pdfescape/pdfescape.sty
Package: pdfescape 2019/12/09 v1.15 Implements pdfTeX's escape features (HO)
(/usr/local/texlive/2024/texmf-dist/tex/generic/pdftexcmds/pdftexcmds.sty
Package: pdftexcmds 2020-06-27 v0.33 Utility functions of pdfTeX for LuaTeX (HO
)
(/usr/local/texlive/2024/texmf-dist/tex/generic/infwarerr/infwarerr.sty
Package: infwarerr 2019/12/03 v1.5 Providing info/warning/error messages (HO)
)
Package pdftexcmds Info: \pdf@primitive is available.
Package pdftexcmds Info: \pdf@ifprimitive is available.
Package pdftexcmds Info: \pdfdraftmode found.
)) (/usr/local/texlive/2024/texmf-dist/tex/latex/hycolor/hycolor.sty
Package: hycolor 2020-01-27 v1.10 Color options for hyperref/bookmark (HO)
) (/usr/local/texlive/2024/texmf-dist/tex/latex/auxhook/auxhook.sty
Package: auxhook 2019-12-17 v1.6 Hooks for auxiliary files (HO)
) (/usr/local/texlive/2024/texmf-dist/tex/latex/hyperref/nameref.sty
Package: nameref 2023-11-26 v2.56 Cross-referencing by name of section
(/usr/local/texlive/2024/texmf-dist/tex/latex/refcount/refcount.sty
Package: refcount 2019/12/15 v3.6 Data extraction from label references (HO)
)
(/usr/local/texlive/2024/texmf-dist/tex/generic/gettitlestring/gettitlestring.s
ty
Package: gettitlestring 2019/12/15 v1.6 Cleanup title references (HO)
)
\c@section@level=\count283
)
\@linkdim=\dimen165
\Hy@linkcounter=\count284
\Hy@pagecounter=\count285
(/usr/local/texlive/2024/texmf-dist/tex/latex/hyperref/pd1enc.def
File: pd1enc.def 2024-01-20 v7.01h Hyperref: PDFDocEncoding definition (HO)
Now handling font encoding PD1 ...
... no UTF-8 mapping file for font encoding PD1
) (/usr/local/texlive/2024/texmf-dist/tex/generic/intcalc/intcalc.sty
Package: intcalc 2019/12/15 v1.3 Expandable calculations with integers (HO)
)
\Hy@SavedSpaceFactor=\count286
(/usr/local/texlive/2024/texmf-dist/tex/latex/hyperref/puenc.def
File: puenc.def 2024-01-20 v7.01h Hyperref: PDF Unicode definition (HO)
Now handling font encoding PU ...
... no UTF-8 mapping file for font encoding PU
)
Package hyperref Info: Option `unicode' set `true' on input line 4062.
Package hyperref Info: Hyper figures OFF on input line 4179.
Package hyperref Info: Link nesting OFF on input line 4184.
Package hyperref Info: Hyper index ON on input line 4187.
Package hyperref Info: Plain pages OFF on input line 4194.
Package hyperref Info: Backreferencing OFF on input line 4199.
Package hyperref Info: Implicit mode ON; LaTeX internals redefined.
Package hyperref Info: Bookmarks ON on input line 4446.
\c@Hy@tempcnt=\count287
(/usr/local/texlive/2024/texmf-dist/tex/latex/url/url.sty
\Urlmuskip=\muskip17
Package: url 2013/09/16  ver 3.4  Verb mode for urls, etc.
)
LaTeX Info: Redefining \url on input line 4784.
\XeTeXLinkMargin=\dimen166
(/usr/local/texlive/2024/texmf-dist/tex/generic/bitset/bitset.sty
Package: bitset 2019/12/09 v1.3 Handle bit-vector datatype (HO)
(/usr/local/texlive/2024/texmf-dist/tex/generic/bigintcalc/bigintcalc.sty
Package: bigintcalc 2019/12/15 v1.5 Expandable calculations on big integers (HO
)
))
\Fld@menulength=\count288
\Field@Width=\dimen167
\Fld@charsize=\dimen168
Package hyperref Info: Hyper figures OFF on input line 6063.
Package hyperref Info: Link nesting OFF on input line 6068.
Package hyperref Info: Hyper index ON on input line 6071.
Package hyperref Info: backreferencing OFF on input line 6078.
Package hyperref Info: Link coloring OFF on input line 6083.
Package hyperref Info: Link coloring with OCG OFF on input line 6088.
Package hyperref Info: PDF/A mode OFF on input line 6093.
(/usr/local/texlive/2024/texmf-dist/tex/latex/base/atbegshi-ltx.sty
Package: atbegshi-ltx 2021/01/10 v1.0c Emulation of the original atbegshi
package with kernel methods
)
\Hy@abspage=\count289
\c@Item=\count290
\c@Hfootnote=\count291
)
Package hyperref Info: Driver (autodetected): hpdftex.
(/usr/local/texlive/2024/texmf-dist/tex/latex/hyperref/hpdftex.def
File: hpdftex.def 2024-01-20 v7.01h Hyperref driver for pdfTeX
(/usr/local/texlive/2024/texmf-dist/tex/latex/base/atveryend-ltx.sty
Package: atveryend-ltx 2020/08/19 v1.0a Emulation of the original atveryend pac
kage
with kernel methods
)
\Fld@listcount=\count292
\c@bookmark@seq@number=\count293

(/usr/local/texlive/2024/texmf-dist/tex/latex/rerunfilecheck/rerunfilecheck.sty
Package: rerunfilecheck 2022-07-10 v1.10 Rerun checks for auxiliary files (HO)

(/usr/local/texlive/2024/texmf-dist/tex/generic/uniquecounter/uniquecounter.sty
Package: uniquecounter 2019/12/15 v1.4 Provide unlimited unique counter (HO)
)
Package uniquecounter Info: New unique counter `rerunfilecheck' on input line 2
85.
)
\Hy@SectionHShift=\skip55
) (/usr/local/texlive/2024/texmf-dist/tex/latex/bookmark/bkm-pdftex.def
File: bkm-pdftex.def 2023-12-10 v1.31 bookmark driver for pdfTeX and luaTeX (HO
)
\BKM@id=\count294
)) (/usr/local/texlive/2024/texmf-dist/tex/latex/xurl/xurl.sty
Package: xurl 2022/01/09 v 0.10 modify URL breaks
)
LaTeX Font Info:    Trying to load font information for T1+lmr on input line 12
0.
(/usr/local/texlive/2024/texmf-dist/tex/latex/lm/t1lmr.fd
File: t1lmr.fd 2015/05/01 v1.6.1 Font defs for Latin Modern
) (/usr/local/texlive/2024/texmf-dist/tex/latex/l3backend/l3backend-pdftex.def
File: l3backend-pdftex.def 2024-02-20 L3 backend support: PDF output (pdfTeX)
\l__color_backend_stack_int=\count295
\l__pdf_internal_box=\box56
) (./general.aux)
\openout1 = `general.aux'.

LaTeX Font Info:    Checking defaults for OML/cmm/m/it on input line 120.
LaTeX Font Info:    ... okay on input line 120.
LaTeX Font Info:    Checking defaults for OMS/cmsy/m/n on input line 120.
LaTeX Font Info:    ... okay on input line 120.
LaTeX Font Info:    Checking defaults for OT1/cmr/m/n on input line 120.
LaTeX Font Info:    ... okay on input line 120.
LaTeX Font Info:    Checking defaults for T1/cmr/m/n on input line 120.
LaTeX Font Info:    ... okay on input line 120.
LaTeX Font Info:    Checking defaults for TS1/cmr/m/n on input line 120.
LaTeX Font Info:    ... okay on input line 120.
LaTeX Font Info:    Checking defaults for OMX/cmex/m/n on input line 120.
LaTeX Font Info:    ... okay on input line 120.
LaTeX Font Info:    Checking defaults for U/cmr/m/n on input line 120.
LaTeX Font Info:    ... okay on input line 120.
LaTeX Font Info:    Checking defaults for PD1/pdf/m/n on input line 120.
LaTeX Font Info:    ... okay on input line 120.
LaTeX Font Info:    Checking defaults for PU/pdf/m/n on input line 120.
LaTeX Font Info:    ... okay on input line 120.
LaTeX Info: Redefining \microtypecontext on input line 120.
Package microtype Info: Applying patch `item' on input line 120.
Package microtype Info: Applying patch `toc' on input line 120.
Package microtype Info: Applying patch `eqnum' on input line 120.
Package microtype Info: Applying patch `footnote' on input line 120.
Package microtype Info: Applying patch `verbatim' on input line 120.
Package microtype Info: Generating PDF output.
Package microtype Info: Character protrusion enabled (level 2).
Package microtype Info: Using protrusion set `basicmath'.
Package microtype Info: Automatic font expansion enabled (level 2),
(microtype)             stretch: 20, shrink: 20, step: 1, non-selected.
Package microtype Info: Using default expansion set `alltext-nott'.
LaTeX Info: Redefining \showhyphens on input line 120.
Package microtype Info: No adjustment of tracking.
Package microtype Info: No adjustment of interword spacing.
Package microtype Info: No adjustment of character kerning.
(/usr/local/texlive/2024/texmf-dist/tex/latex/microtype/mt-cmr.cfg
File: mt-cmr.cfg 2013/05/19 v2.2 microtype config. file: Computer Modern Roman 
(RS)
) (/usr/local/texlive/2024/texmf-dist/tex/context/base/mkii/supp-pdf.mkii
[Loading MPS to PDF converter (version 2006.09.02).]
\scratchcounter=\count296
\scratchdimen=\dimen169
\scratchbox=\box57
\nofMPsegments=\count297
\nofMParguments=\count298
\everyMPshowfont=\toks28
\MPscratchCnt=\count299
\MPscratchDim=\dimen170
\MPnumerator=\count300
\makeMPintoPDFobject=\count301
\everyMPtoPDFconversion=\toks29
) (/usr/local/texlive/2024/texmf-dist/tex/latex/epstopdf-pkg/epstopdf-base.sty
Package: epstopdf-base 2020-01-24 v2.11 Base part for package epstopdf
Package epstopdf-base Info: Redefining graphics rule for `.eps' on input line 4
85.
(/usr/local/texlive/2024/texmf-dist/tex/latex/latexconfig/epstopdf-sys.cfg
File: epstopdf-sys.cfg 2010/07/13 v1.3 Configuration of (r)epstopdf for TeX Liv
e
))
*geometry* driver: auto-detecting
*geometry* detected driver: pdftex
*geometry* verbose mode - [ preamble ] result:
* driver: pdftex
* paper: <default>
* layout: <same size as paper>
* layoutoffset:(h,v)=(0.0pt,0.0pt)
* modes: 
* h-part:(L,W,R)=(72.26999pt, 469.75502pt, 72.26999pt)
* v-part:(T,H,B)=(72.26999pt, 650.43001pt, 72.26999pt)
* \paperwidth=614.295pt
* \paperheight=794.96999pt
* \textwidth=469.75502pt
* \textheight=650.43001pt
* \oddsidemargin=0.0pt
* \evensidemargin=0.0pt
* \topmargin=-37.0pt
* \headheight=12.0pt
* \headsep=25.0pt
* \topskip=10.0pt
* \footskip=30.0pt
* \marginparwidth=65.0pt
* \marginparsep=11.0pt
* \columnsep=10.0pt
* \skip\footins=9.0pt plus 4.0pt minus 2.0pt
* \hoffset=0.0pt
* \voffset=0.0pt
* \mag=1000
* \@twocolumnfalse
* \@twosidefalse
* \@mparswitchfalse
* \@reversemarginfalse
* (1in=72.27pt=25.4mm, 1cm=28.453pt)

Package hyperref Info: Link coloring OFF on input line 120.
LaTeX Font Info:    Trying to load font information for OT1+lmr on input line 1
22.
(/usr/local/texlive/2024/texmf-dist/tex/latex/lm/ot1lmr.fd
File: ot1lmr.fd 2015/05/01 v1.6.1 Font defs for Latin Modern
)
LaTeX Font Info:    Trying to load font information for OML+lmm on input line 1
22.
(/usr/local/texlive/2024/texmf-dist/tex/latex/lm/omllmm.fd
File: omllmm.fd 2015/05/01 v1.6.1 Font defs for Latin Modern
)
LaTeX Font Info:    Trying to load font information for OMS+lmsy on input line 
122.
(/usr/local/texlive/2024/texmf-dist/tex/latex/lm/omslmsy.fd
File: omslmsy.fd 2015/05/01 v1.6.1 Font defs for Latin Modern
)
LaTeX Font Info:    Trying to load font information for OMX+lmex on input line 
122.
(/usr/local/texlive/2024/texmf-dist/tex/latex/lm/omxlmex.fd
File: omxlmex.fd 2015/05/01 v1.6.1 Font defs for Latin Modern
)
LaTeX Font Info:    External font `lmex10' loaded for size
(Font)              <12> on input line 122.
LaTeX Font Info:    External font `lmex10' loaded for size
(Font)              <8> on input line 122.
LaTeX Font Info:    External font `lmex10' loaded for size
(Font)              <6> on input line 122.
LaTeX Font Info:    Trying to load font information for U+msa on input line 122
.
(/usr/local/texlive/2024/texmf-dist/tex/latex/amsfonts/umsa.fd
File: umsa.fd 2013/01/14 v3.01 AMS symbols A
) (/usr/local/texlive/2024/texmf-dist/tex/latex/microtype/mt-msa.cfg
File: mt-msa.cfg 2006/02/04 v1.1 microtype config. file: AMS symbols (a) (RS)
)
LaTeX Font Info:    Trying to load font information for U+msb on input line 122
.
(/usr/local/texlive/2024/texmf-dist/tex/latex/amsfonts/umsb.fd
File: umsb.fd 2013/01/14 v3.01 AMS symbols B
) (/usr/local/texlive/2024/texmf-dist/tex/latex/microtype/mt-msb.cfg
File: mt-msb.cfg 2005/06/01 v1.0 microtype config. file: AMS symbols (b) (RS)
)

LaTeX Warning: Hyper reference `introduuxe7uxe3o' on page 1 undefined on input 
line 129.


LaTeX Warning: Hyper reference `distribuiuxe7uxf5es-binomiais' on page 1 undefi
ned on input line 131.


LaTeX Warning: Hyper reference `modelos-binomiais' on page 1 undefined on input
 line 133.

LaTeX Font Info:    Trying to load font information for TS1+lmr on input line 1
38.
(/usr/local/texlive/2024/texmf-dist/tex/latex/lm/ts1lmr.fd
File: ts1lmr.fd 2015/05/01 v1.6.1 Font defs for Latin Modern
)

LaTeX Warning: Hyper reference `modelo-binomial-simples' on page 1 undefined on
 input line 138.


LaTeX Warning: Hyper reference `modelo-binomial-muxfaltiplo' on page 1 undefine
d on input line 141.


LaTeX Warning: Hyper reference `modelo-binomial-loguxedstico' on page 1 undefin
ed on input line 144.


LaTeX Warning: Hyper reference `modelo-binomial-logit' on page 1 undefined on i
nput line 146.


LaTeX Warning: Hyper reference `modelo-binomial-probit' on page 1 undefined on 
input line 148.


LaTeX Warning: Hyper reference `modelo-multinominal-logit' on page 1 undefined 
on input line 150.


LaTeX Warning: Hyper reference `modelo-multinominal-probit' on page 1 undefined
 on input line 153.


LaTeX Warning: Hyper reference `aplicauxe7uxf5es-em-epidemiologia' on page 1 un
defined on input line 157.


LaTeX Warning: Hyper reference `probabilidade-de-eventos-de-duas-possibilidades
-do-tipo-sucesso-ou-fracasso' on page 1 undefined on input line 164.


LaTeX Warning: Hyper reference `modelo-de-risco-relativo' on page 1 undefined o
n input line 166.


LaTeX Warning: Hyper reference `modelo-de-risco-absoluto' on page 1 undefined o
n input line 168.


LaTeX Warning: Hyper reference `estimando-chances' on page 1 undefined on input
 line 170.


LaTeX Warning: Hyper reference `modelos-de-regressuxe3o-loguxedstica' on page 1
 undefined on input line 173.


LaTeX Warning: Hyper reference `modelos-de-regressuxe3o-loguxedstica-multinomin
al' on page 1 undefined on input line 177.


LaTeX Warning: Hyper reference `modelos-de-regressuxe3o-loguxedstica-ordinal' o
n page 1 undefined on input line 180.


LaTeX Warning: Hyper reference `modelos-de-regressuxe3o-para-alocauxe7uxe3o-de-
diferentes-tratamentos-a-uma-mesma-doenuxe7a' on page 1 undefined on input line
 185.


LaTeX Warning: Hyper reference `modelos-de-regressuxe3o-para-alocauxe7uxe3o-de-
diferentes-tratamentos-para-diferentes-doenuxe7as' on page 1 undefined on input
 line 190.


LaTeX Warning: Hyper reference `exercuxedcios' on page 1 undefined on input lin
e 193.


LaTeX Warning: Hyper reference `referuxeancias' on page 1 undefined on input li
ne 195.


LaTeX Warning: Hyper reference `apuxeandice' on page 1 undefined on input line 
197.

[1

{/usr/local/texlive/2024/texmf-var/fonts/map/pdftex/updmap/pdftex.map}{/usr/loc
al/texlive/2024/texmf-dist/fonts/enc/dvips/lm/lm-ec.enc}{/usr/local/texlive/202
4/texmf-dist/fonts/enc/dvips/lm/lm-ts1.enc}]
LaTeX Font Info:    Trying to load font information for T1+lmtt on input line 2
84.
(/usr/local/texlive/2024/texmf-dist/tex/latex/lm/t1lmtt.fd
File: t1lmtt.fd 2015/05/01 v1.6.1 Font defs for Latin Modern
)
Overfull \hbox (23.74355pt too wide) in paragraph at lines 289--289
[]\T1/lmtt/m/n/10 - A probabilidade de um paciente _sobreviver_ ou _não sobrevi
ver_ a um procedimento cirúrgico.[] 
 []

LaTeX Font Info:    External font `lmex10' loaded for size
(Font)              <10> on input line 294.
LaTeX Font Info:    External font `lmex10' loaded for size
(Font)              <7> on input line 294.
LaTeX Font Info:    External font `lmex10' loaded for size
(Font)              <5> on input line 294.
[2{/usr/local/texlive/2024/texmf-dist/fonts/enc/dvips/lm/lm-mathit.enc}{/usr/lo
cal/texlive/2024/texmf-dist/fonts/enc/dvips/lm/lm-rm.enc}{/usr/local/texlive/20
24/texmf-dist/fonts/enc/dvips/lm/lm-mathsy.enc}]
LaTeX Font Info:    Font shape `T1/lmtt/bx/n' in size <10> not available
(Font)              Font shape `T1/lmtt/b/n' tried instead on input line 369.
[3{/usr/local/texlive/2024/texmf-dist/fonts/enc/dvips/lm/lm-mathex.enc}] [4] [5
] [6]
LaTeX Font Info:    Trying to load font information for TS1+lmtt on input line 
638.
(/usr/local/texlive/2024/texmf-dist/tex/latex/lm/ts1lmtt.fd
File: ts1lmtt.fd 2015/05/01 v1.6.1 Font defs for Latin Modern
)
Overfull \hbox (265.24284pt too wide) in paragraph at lines 638--638
[]\T1/lmtt/m/n/10 - o objeto \TS1/lmtt/m/n/10 `\T1/lmtt/m/n/10 simulaBernoulli\
TS1/lmtt/m/n/10 ` \T1/lmtt/m/n/10 guarda uma função não existente no ambiente d
e trabalho, criada pelo usuário, por meio do comando \TS1/lmtt/m/n/10 `\T1/lmtt
/m/n/10 function()\TS1/lmtt/m/n/10 `\T1/lmtt/m/n/10 ;[] 
 []


Overfull \hbox (270.49283pt too wide) in paragraph at lines 638--638
[]\T1/lmtt/m/n/10 - dentro do parênteses da função, declaramos que a mesma é fu
nnção de uma variável chamada \TS1/lmtt/m/n/10 `\T1/lmtt/m/n/10 probabilidades\
TS1/lmtt/m/n/10 `\T1/lmtt/m/n/10 , que pode ou não ser pré-definida[] 
 []


Overfull \hbox (343.99261pt too wide) in paragraph at lines 638--638
[]\T1/lmtt/m/n/10 - então, chama-se o loop \TS1/lmtt/m/n/10 `\T1/lmtt/m/n/10 fo
r\TS1/lmtt/m/n/10 ` \T1/lmtt/m/n/10 para iterar sobre os valores de \TS1/lmtt/m
/n/10 `\T1/lmtt/m/n/10 probabilidades\TS1/lmtt/m/n/10 ` \T1/lmtt/m/n/10 - isto 
é, para cada valor na posição $i_1, i_2, \dots$ em \TS1/lmtt/m/n/10 `\T1/lmtt/m
/n/10 probabilidades\TS1/lmtt/m/n/10 `\T1/lmtt/m/n/10 ,[] 
 []


Overfull \hbox (118.24327pt too wide) in paragraph at lines 638--638
[]  \T1/lmtt/m/n/10 aplique a função \TS1/lmtt/m/n/10 `\T1/lmtt/m/n/10 rbinom\T
S1/lmtt/m/n/10 ` \T1/lmtt/m/n/10 para gerar 10 valores binomiais com probabilid
ade $i_j$ de sucesso, e guarde em \TS1/lmtt/m/n/10 `\T1/lmtt/m/n/10 B\TS1/lmtt/
m/n/10 `\T1/lmtt/m/n/10 ;[] 
 []


Overfull \hbox (307.24272pt too wide) in paragraph at lines 638--638
[]\T1/lmtt/m/n/10 - após, a função indica para que se guarde os resultados dos 
vetores \TS1/lmtt/m/n/10 `\T1/lmtt/m/n/10 A\TS1/lmtt/m/n/10 ` \T1/lmtt/m/n/10 e
 \TS1/lmtt/m/n/10 `\T1/lmtt/m/n/10 B\TS1/lmtt/m/n/10 ` \T1/lmtt/m/n/10 em um \T
S1/lmtt/m/n/10 `\T1/lmtt/m/n/10 data.frame\TS1/lmtt/m/n/10 ` \T1/lmtt/m/n/10 ch
amado \TS1/lmtt/m/n/10 `\T1/lmtt/m/n/10 tabelaResultados\TS1/lmtt/m/n/10 `\T1/l
mtt/m/n/10 , e imprima o resultado.[] 
 []


Overfull \hbox (49.99347pt too wide) in paragraph at lines 638--638
[]\T1/lmtt/m/n/10 - a função é fechada, e então chamada para ser executada com 
o argumento \TS1/lmtt/m/n/10 `\T1/lmtt/m/n/10 probabilidadesBernoulli\TS1/lmtt/
m/n/10 `\T1/lmtt/m/n/10 .[] 
 []


Overfull \hbox (317.74269pt too wide) in paragraph at lines 638--638
[]\T1/lmtt/m/n/10 - note que o argumento \TS1/lmtt/m/n/10 `\T1/lmtt/m/n/10 prob
abilidadesBernoulli\TS1/lmtt/m/n/10 ` \T1/lmtt/m/n/10 não foi previamente defin
ido no ambiente de trabalho - nem pela função, nem pelo usuário. O argumento[] 

 []

<general_files/figure-latex/unnamed-chunk-6-1.pdf, id=57, 689.57625pt x 391.462
5pt>
File: general_files/figure-latex/unnamed-chunk-6-1.pdf Graphic file (type pdf)
<use general_files/figure-latex/unnamed-chunk-6-1.pdf>
Package pdftex.def Info: general_files/figure-latex/unnamed-chunk-6-1.pdf  used
 on input line 654.
(pdftex.def)             Requested size: 689.57455pt x 391.46153pt.
[7 <./general_files/figure-latex/unnamed-chunk-6-1.pdf>] [8]
<general_files/figure-latex/unnamed-chunk-7-1.pdf, id=81, 706.64pt x 421.575pt>

File: general_files/figure-latex/unnamed-chunk-7-1.pdf Graphic file (type pdf)
<use general_files/figure-latex/unnamed-chunk-7-1.pdf>
Package pdftex.def Info: general_files/figure-latex/unnamed-chunk-7-1.pdf  used
 on input line 803.
(pdftex.def)             Requested size: 706.63828pt x 421.57396pt.
[9]
<general_files/figure-latex/unnamed-chunk-8-1.pdf, id=88, 706.64pt x 421.575pt>

File: general_files/figure-latex/unnamed-chunk-8-1.pdf Graphic file (type pdf)
<use general_files/figure-latex/unnamed-chunk-8-1.pdf>
Package pdftex.def Info: general_files/figure-latex/unnamed-chunk-8-1.pdf  used
 on input line 837.
(pdftex.def)             Requested size: 706.63828pt x 421.57396pt.
[10 <./general_files/figure-latex/unnamed-chunk-7-1.pdf>] [11 <./general_files/
figure-latex/unnamed-chunk-8-1.pdf>]
<general_files/figure-latex/logito-1.pdf, id=113, 712.6625pt x 421.575pt>
File: general_files/figure-latex/logito-1.pdf Graphic file (type pdf)
<use general_files/figure-latex/logito-1.pdf>
Package pdftex.def Info: general_files/figure-latex/logito-1.pdf  used on input
 line 931.
(pdftex.def)             Requested size: 712.66077pt x 421.57396pt.
[12]
<general_files/figure-latex/unnamed-chunk-13-1.pdf, id=119, 689.57625pt x 389.4
55pt>
File: general_files/figure-latex/unnamed-chunk-13-1.pdf Graphic file (type pdf)

<use general_files/figure-latex/unnamed-chunk-13-1.pdf>
Package pdftex.def Info: general_files/figure-latex/unnamed-chunk-13-1.pdf  use
d on input line 1009.
(pdftex.def)             Requested size: 689.57455pt x 389.45404pt.
<general_files/figure-latex/unnamed-chunk-13-2.pdf, id=120, 689.57625pt x 389.4
55pt>
File: general_files/figure-latex/unnamed-chunk-13-2.pdf Graphic file (type pdf)

<use general_files/figure-latex/unnamed-chunk-13-2.pdf>
Package pdftex.def Info: general_files/figure-latex/unnamed-chunk-13-2.pdf  use
d on input line 1010.
(pdftex.def)             Requested size: 689.57455pt x 389.45404pt.
<general_files/figure-latex/unnamed-chunk-13-3.pdf, id=121, 693.59125pt x 389.4
55pt>
File: general_files/figure-latex/unnamed-chunk-13-3.pdf Graphic file (type pdf)

<use general_files/figure-latex/unnamed-chunk-13-3.pdf>
Package pdftex.def Info: general_files/figure-latex/unnamed-chunk-13-3.pdf  use
d on input line 1011.
(pdftex.def)             Requested size: 693.58955pt x 389.45404pt.
<general_files/figure-latex/unnamed-chunk-13-4.pdf, id=122, 704.6325pt x 389.45
5pt>
File: general_files/figure-latex/unnamed-chunk-13-4.pdf Graphic file (type pdf)

<use general_files/figure-latex/unnamed-chunk-13-4.pdf>
Package pdftex.def Info: general_files/figure-latex/unnamed-chunk-13-4.pdf  use
d on input line 1012.
(pdftex.def)             Requested size: 704.6308pt x 389.45404pt.
[13 <./general_files/figure-latex/logito-1.pdf>] [14 <./general_files/figure-la
tex/unnamed-chunk-13-1.pdf> <./general_files/figure-latex/unnamed-chunk-13-2.pd
f>] [15 <./general_files/figure-latex/unnamed-chunk-13-3.pdf> <./general_files/
figure-latex/unnamed-chunk-13-4.pdf>]
<general_files/figure-latex/logito2-1.pdf, id=173, 712.6625pt x 421.575pt>
File: general_files/figure-latex/logito2-1.pdf Graphic file (type pdf)
<use general_files/figure-latex/logito2-1.pdf>
Package pdftex.def Info: general_files/figure-latex/logito2-1.pdf  used on inpu
t line 1035.
(pdftex.def)             Requested size: 712.66077pt x 421.57396pt.
[16 <./general_files/figure-latex/logito2-1.pdf>]
<general_files/figure-latex/unnamed-chunk-18-1.pdf, id=186, 694.595pt x 389.455
pt>
File: general_files/figure-latex/unnamed-chunk-18-1.pdf Graphic file (type pdf)

<use general_files/figure-latex/unnamed-chunk-18-1.pdf>
Package pdftex.def Info: general_files/figure-latex/unnamed-chunk-18-1.pdf  use
d on input line 1114.
(pdftex.def)             Requested size: 694.5933pt x 389.45404pt.
<general_files/figure-latex/unnamed-chunk-18-2.pdf, id=187, 689.57625pt x 389.4
55pt>
File: general_files/figure-latex/unnamed-chunk-18-2.pdf Graphic file (type pdf)

<use general_files/figure-latex/unnamed-chunk-18-2.pdf>
Package pdftex.def Info: general_files/figure-latex/unnamed-chunk-18-2.pdf  use
d on input line 1115.
(pdftex.def)             Requested size: 689.57455pt x 389.45404pt.
<general_files/figure-latex/unnamed-chunk-18-3.pdf, id=188, 698.61pt x 389.455p
t>
File: general_files/figure-latex/unnamed-chunk-18-3.pdf Graphic file (type pdf)

<use general_files/figure-latex/unnamed-chunk-18-3.pdf>
Package pdftex.def Info: general_files/figure-latex/unnamed-chunk-18-3.pdf  use
d on input line 1116.
(pdftex.def)             Requested size: 698.60829pt x 389.45404pt.
<general_files/figure-latex/unnamed-chunk-18-4.pdf, id=189, 704.6325pt x 389.45
5pt>
File: general_files/figure-latex/unnamed-chunk-18-4.pdf Graphic file (type pdf)

<use general_files/figure-latex/unnamed-chunk-18-4.pdf>
Package pdftex.def Info: general_files/figure-latex/unnamed-chunk-18-4.pdf  use
d on input line 1117.
(pdftex.def)             Requested size: 704.6308pt x 389.45404pt.
[17 <./general_files/figure-latex/unnamed-chunk-18-1.pdf>] [18 <./general_files
/figure-latex/unnamed-chunk-18-2.pdf> <./general_files/figure-latex/unnamed-chu
nk-18-3.pdf>] [19 <./general_files/figure-latex/unnamed-chunk-18-4.pdf>] [20]
Overfull \hbox (23.74355pt too wide) in paragraph at lines 1376--1376
[]\T1/lmtt/m/n/10 ## glm(formula = desfecho ~ tempo + idade + sexo + fumante, f
amily = binomial(link = "logit"),[] 
 []

[21] [22] [23] [24] [25]
<general_files/figure-latex/unnamed-chunk-35-1.pdf, id=263, 706.64pt x 423.5825
pt>
File: general_files/figure-latex/unnamed-chunk-35-1.pdf Graphic file (type pdf)

<use general_files/figure-latex/unnamed-chunk-35-1.pdf>
Package pdftex.def Info: general_files/figure-latex/unnamed-chunk-35-1.pdf  use
d on input line 1676.
(pdftex.def)             Requested size: 706.63828pt x 423.58147pt.
<general_files/figure-latex/unnamed-chunk-36-1.pdf, id=264, 706.64pt x 423.5825
pt>
File: general_files/figure-latex/unnamed-chunk-36-1.pdf Graphic file (type pdf)

<use general_files/figure-latex/unnamed-chunk-36-1.pdf>
Package pdftex.def Info: general_files/figure-latex/unnamed-chunk-36-1.pdf  use
d on input line 1696.
(pdftex.def)             Requested size: 706.63828pt x 423.58147pt.
[26 <./general_files/figure-latex/unnamed-chunk-35-1.pdf>] [27 <./general_files
/figure-latex/unnamed-chunk-36-1.pdf>]
<general_files/figure-latex/unnamed-chunk-37-1.pdf, id=288, 694.595pt x 394.473
75pt>
File: general_files/figure-latex/unnamed-chunk-37-1.pdf Graphic file (type pdf)

<use general_files/figure-latex/unnamed-chunk-37-1.pdf>
Package pdftex.def Info: general_files/figure-latex/unnamed-chunk-37-1.pdf  use
d on input line 1745.
(pdftex.def)             Requested size: 694.5933pt x 394.47278pt.
[28 <./general_files/figure-latex/unnamed-chunk-37-1.pdf>] (./general.aux)
 ***********
LaTeX2e <2023-11-01> patch level 1
L3 programming layer <2024-02-20>
 ***********

LaTeX Warning: There were undefined references.

 ) 
Here is how much of TeX's memory you used:
 14164 strings out of 474116
 227000 string characters out of 5743682
 1943187 words of memory out of 5000000
 36103 multiletter control sequences out of 15000+600000
 622132 words of font info for 154 fonts, out of 8000000 for 9000
 1141 hyphenation exceptions out of 8191
 83i,6n,93p,1239b,710s stack positions out of 10000i,1000n,20000p,200000b,200000s
</usr/local/texlive/2024/texmf-dist/fonts/type1/public/lm/lmbx10.pfb></usr/lo
cal/texlive/2024/texmf-dist/fonts/type1/public/lm/lmbx12.pfb></usr/local/texliv
e/2024/texmf-dist/fonts/type1/public/lm/lmex10.pfb></usr/local/texlive/2024/tex
mf-dist/fonts/type1/public/lm/lmmi10.pfb></usr/local/texlive/2024/texmf-dist/fo
nts/type1/public/lm/lmmi7.pfb></usr/local/texlive/2024/texmf-dist/fonts/type1/p
ublic/lm/lmr10.pfb></usr/local/texlive/2024/texmf-dist/fonts/type1/public/lm/lm
r12.pfb></usr/local/texlive/2024/texmf-dist/fonts/type1/public/lm/lmr17.pfb></u
sr/local/texlive/2024/texmf-dist/fonts/type1/public/lm/lmr7.pfb></usr/local/tex
live/2024/texmf-dist/fonts/type1/public/lm/lmri10.pfb></usr/local/texlive/2024/
texmf-dist/fonts/type1/public/lm/lmsy10.pfb></usr/local/texlive/2024/texmf-dist
/fonts/type1/public/lm/lmsy7.pfb></usr/local/texlive/2024/texmf-dist/fonts/type
1/public/lm/lmtk10.pfb></usr/local/texlive/2024/texmf-dist/fonts/type1/public/l
m/lmtt10.pfb></usr/local/texlive/2024/texmf-dist/fonts/type1/public/lm/lmtti10.
pfb></usr/local/texlive/2024/texmf-dist/fonts/type1/public/amsfonts/symbols/msb
m10.pfb>
Output written on general.pdf (28 pages, 526468 bytes).
PDF statistics:
 448 PDF objects out of 1000 (max. 8388607)
 331 compressed objects within 4 object streams
 59 named destinations out of 1000 (max. 500000)
 35033 words of extra memory for PDF output out of 35830 (max. 10000000)

